Using pre-set license
Built from '2020.3/staging' branch; Version is '2020.3.26f1 (7298b473bc1a) revision 7510196'; Using compiler version '192528614'; Build Type 'Release'
OS: 'Windows 10  (10.0.19042) 64bit Professional' Language: 'es' Physical Memory: 16336 MB
BatchMode: 1, IsHumanControllingUs: 0, StartBugReporterOnCrash: 0, Is64bit: 1, IsPro: 0

COMMAND LINE ARGUMENTS:
C:\Program Files\Unity\Hub\Editor\2020.3.26f1\Editor\Unity.exe
-adb2
-batchMode
-noUpm
-name
AssetImportWorker0
-projectPath
C:/Users/Henrry el Pro/Documents/projects/banjo-kazooie-2d/BanjoKazooie2D
-logFile
Logs/AssetImportWorker0.log
-srvPort
54877
Successfully changed project path to: C:/Users/Henrry el Pro/Documents/projects/banjo-kazooie-2d/BanjoKazooie2D
C:/Users/Henrry el Pro/Documents/projects/banjo-kazooie-2d/BanjoKazooie2D
Using Asset Import Pipeline V2.
Refreshing native plugins compatible for Editor in 45.05 ms, found 3 plugins.
Preloading 0 native plugins for Editor in 0.00 ms.
Initialize engine version: 2020.3.26f1 (7298b473bc1a)
[Subsystems] Discovering subsystems at path C:/Program Files/Unity/Hub/Editor/2020.3.26f1/Editor/Data/Resources/UnitySubsystems
[Subsystems] Discovering subsystems at path C:/Users/Henrry el Pro/Documents/projects/banjo-kazooie-2d/BanjoKazooie2D/Assets
GfxDevice: creating device client; threaded=0
Direct3D:
    Version:  Direct3D 11.0 [level 11.0]
    Renderer: NVIDIA GeForce GT 730 (ID=0x1287)
    Vendor:   
    VRAM:     2007 MB
    Driver:   27.21.14.5671
Initialize mono
Mono path[0] = 'C:/Program Files/Unity/Hub/Editor/2020.3.26f1/Editor/Data/Managed'
Mono path[1] = 'C:/Program Files/Unity/Hub/Editor/2020.3.26f1/Editor/Data/MonoBleedingEdge/lib/mono/unityjit'
Mono config path = 'C:/Program Files/Unity/Hub/Editor/2020.3.26f1/Editor/Data/MonoBleedingEdge/etc'
Using monoOptions --debugger-agent=transport=dt_socket,embedding=1,server=y,suspend=n,address=127.0.0.1:56168
Begin MonoManager ReloadAssembly
Registering precompiled unity dll's ...
Register platform support module: C:/Program Files/Unity/Hub/Editor/2020.3.26f1/Editor/Data/PlaybackEngines/WebGLSupport/UnityEditor.WebGL.Extensions.dll
Register platform support module: C:/Program Files/Unity/Hub/Editor/2020.3.26f1/Editor/Data/PlaybackEngines/WindowsStandaloneSupport/UnityEditor.WindowsStandalone.Extensions.dll
Registered in 0.002187 seconds.
Native extension for WindowsStandalone target not found
Native extension for WebGL target not found
Refreshing native plugins compatible for Editor in 41.67 ms, found 3 plugins.
Preloading 0 native plugins for Editor in 0.00 ms.
Mono: successfully reloaded assembly
- Completed reload, in  0.542 seconds
Domain Reload Profiling:
	ReloadAssembly (542ms)
		BeginReloadAssembly (49ms)
			ExecutionOrderSort (0ms)
			DisableScriptedObjects (0ms)
			BackupInstance (0ms)
			ReleaseScriptingObjects (0ms)
			CreateAndSetChildDomain (1ms)
		EndReloadAssembly (427ms)
			LoadAssemblies (47ms)
			RebuildTransferFunctionScriptingTraits (0ms)
			SetupTypeCache (144ms)
			ReleaseScriptCaches (0ms)
			RebuildScriptCaches (28ms)
			SetupLoadedEditorAssemblies (167ms)
				LogAssemblyErrors (0ms)
				InitializePlatformSupportModulesInManaged (5ms)
				SetLoadedEditorAssemblies (0ms)
				RefreshPlugins (42ms)
				BeforeProcessingInitializeOnLoad (11ms)
				ProcessInitializeOnLoadAttributes (85ms)
				ProcessInitializeOnLoadMethodAttributes (25ms)
				AfterProcessingInitializeOnLoad (0ms)
				EditorAssembliesLoaded (0ms)
			ExecutionOrderSort2 (0ms)
			AwakeInstancesAfterBackupRestoration (0ms)
Platform modules already initialized, skipping
Registering precompiled user dll's ...
Registered in 0.004519 seconds.
Begin MonoManager ReloadAssembly
Native extension for WindowsStandalone target not found
Native extension for WebGL target not found
Refreshing native plugins compatible for Editor in 41.85 ms, found 3 plugins.
Preloading 0 native plugins for Editor in 0.00 ms.
Mono: successfully reloaded assembly
- Completed reload, in  1.069 seconds
Domain Reload Profiling:
	ReloadAssembly (1070ms)
		BeginReloadAssembly (136ms)
			ExecutionOrderSort (0ms)
			DisableScriptedObjects (4ms)
			BackupInstance (0ms)
			ReleaseScriptingObjects (0ms)
			CreateAndSetChildDomain (18ms)
		EndReloadAssembly (856ms)
			LoadAssemblies (88ms)
			RebuildTransferFunctionScriptingTraits (0ms)
			SetupTypeCache (286ms)
			ReleaseScriptCaches (0ms)
			RebuildScriptCaches (43ms)
			SetupLoadedEditorAssemblies (318ms)
				LogAssemblyErrors (0ms)
				InitializePlatformSupportModulesInManaged (4ms)
				SetLoadedEditorAssemblies (0ms)
				RefreshPlugins (42ms)
				BeforeProcessingInitializeOnLoad (79ms)
				ProcessInitializeOnLoadAttributes (173ms)
				ProcessInitializeOnLoadMethodAttributes (14ms)
				AfterProcessingInitializeOnLoad (6ms)
				EditorAssembliesLoaded (0ms)
			ExecutionOrderSort2 (0ms)
			AwakeInstancesAfterBackupRestoration (9ms)
Platform modules already initialized, skipping
========================================================================
Worker process is ready to serve import requests
Launched and connected shader compiler UnityShaderCompiler.exe after 0.07 seconds
Refreshing native plugins compatible for Editor in 0.81 ms, found 3 plugins.
Preloading 0 native plugins for Editor in 0.00 ms.
Unloading 2197 Unused Serialized files (Serialized files now loaded: 0)
System memory in use before: 95.9 MB.
System memory in use after: 95.9 MB.

Unloading 28 unused Assets to reduce memory usage. Loaded Objects now: 2630.
Total: 3.439500 ms (FindLiveObjects: 0.185800 ms CreateObjectMapping: 0.081900 ms MarkObjects: 3.070900 ms  DeleteObjects: 0.099900 ms)

AssetImportParameters requested are different than current active one (requested -> active):
  custom:framework-win-MediaFoundation: 216162199b28c13a410421893ffa2e32 -> 
  custom:video-decoder-ogg-theora: a1e56fd34408186e4bbccfd4996cb3dc -> 
  custom:container-muxer-webm: aa71ff27fc2769a1b78a27578f13a17b -> 
  custom:container-demuxer-webm: 4f35f7cbe854078d1ac9338744f61a02 -> 
  custom:container-demuxer-ogg: 62fdf1f143b41e24485cea50d1cbac27 -> 
  custom:video-encoder-webm-vp8: eb34c28f22e8b96e1ab97ce403110664 -> 
  custom:video-decoder-webm-vp8: 9c59270c3fd7afecdb556c50c9e8de78 -> 
  custom:audio-decoder-ogg-vorbis: bf7c407c2cedff20999df2af8eb42d56 -> 
  custom:audio-encoder-webm-vorbis: bf7c407c2cedff20999df2af8eb42d56 -> 
========================================================================
Received Import Request.
  path: Assets/Sprites/small bridge.png
  artifactKey: Guid(4543a195292522349bb52471a92b4136) Importer(815301076,1909f56bfc062723c751e8b465ee728b)
Start importing Assets/Sprites/small bridge.png using Guid(4543a195292522349bb52471a92b4136) Importer(815301076,1909f56bfc062723c751e8b465ee728b)  -> (artifact id: 'a50f538e2dc766944fe432de8ae86aac') in 0.113094 seconds 
  Import took 0.116269 seconds .

========================================================================
Received Import Request.
  Time since last request: 11.626725 seconds.
  path: Assets/Sprites/small bridge.png
  artifactKey: Guid(4543a195292522349bb52471a92b4136) Importer(815301076,1909f56bfc062723c751e8b465ee728b)
Start importing Assets/Sprites/small bridge.png using Guid(4543a195292522349bb52471a92b4136) Importer(815301076,1909f56bfc062723c751e8b465ee728b)  -> (artifact id: '0809df1dd29b7cf2387b36f8676dda96') in 0.030701 seconds 
  Import took 0.035007 seconds .

========================================================================
Received Import Request.
  Time since last request: 50.396873 seconds.
  path: Assets/Sprites/mountain bridge.png
  artifactKey: Guid(4543a195292522349bb52471a92b4136) Importer(815301076,1909f56bfc062723c751e8b465ee728b)
Start importing Assets/Sprites/mountain bridge.png using Guid(4543a195292522349bb52471a92b4136) Importer(815301076,1909f56bfc062723c751e8b465ee728b)  -> (artifact id: '42b759c50506276d961e05a0bdab3f48') in 0.022546 seconds 
  Import took 0.026650 seconds .

========================================================================
Received Import Request.
  Time since last request: 6.183561 seconds.
  path: Assets/Sprites/mountain bridge.png
  artifactKey: Guid(4543a195292522349bb52471a92b4136) Importer(815301076,1909f56bfc062723c751e8b465ee728b)
Start importing Assets/Sprites/mountain bridge.png using Guid(4543a195292522349bb52471a92b4136) Importer(815301076,1909f56bfc062723c751e8b465ee728b)  -> (artifact id: '20839775349429a369db3f2323881a30') in 0.018411 seconds 
  Import took 0.026091 seconds .

========================================================================
Received Import Request.
  Time since last request: 76.407770 seconds.
  path: Assets/Sprites/mountain bridge.png
  artifactKey: Guid(4543a195292522349bb52471a92b4136) Importer(815301076,1909f56bfc062723c751e8b465ee728b)
Start importing Assets/Sprites/mountain bridge.png using Guid(4543a195292522349bb52471a92b4136) Importer(815301076,1909f56bfc062723c751e8b465ee728b)  -> (artifact id: '63849fbafb9b0b686fa5a7d3aaf11d56') in 0.019470 seconds 
  Import took 0.023108 seconds .

========================================================================
Received Import Request.
  Time since last request: 14.512022 seconds.
  path: Assets/Sprites/mountain bridge.png
  artifactKey: Guid(4543a195292522349bb52471a92b4136) Importer(815301076,1909f56bfc062723c751e8b465ee728b)
Start importing Assets/Sprites/mountain bridge.png using Guid(4543a195292522349bb52471a92b4136) Importer(815301076,1909f56bfc062723c751e8b465ee728b)  -> (artifact id: 'cfd6877bf4aa74ec9ad85fda3a7e15db') in 0.019870 seconds 
  Import took 0.023821 seconds .

========================================================================
Received Import Request.
  Time since last request: 22.416852 seconds.
  path: Assets/Sprites/mountain bridge.png
  artifactKey: Guid(4543a195292522349bb52471a92b4136) Importer(815301076,1909f56bfc062723c751e8b465ee728b)
Start importing Assets/Sprites/mountain bridge.png using Guid(4543a195292522349bb52471a92b4136) Importer(815301076,1909f56bfc062723c751e8b465ee728b)  -> (artifact id: '7cb3b99d4642c7ec1970f9da436f57c4') in 0.018401 seconds 
  Import took 0.022567 seconds .

AssetImportWorkerClient::OnTransportError - code=2 error=End of file
